#
# There is insufficient memory for the Java Runtime Environment to continue.
# Native memory allocation (malloc) failed to allocate 35651584 bytes for committing reserved memory.
# Possible reasons:
#   The system is out of physical RAM or swap space
#   In 32 bit mode, the process size limit was hit
# Possible solutions:
#   Reduce memory load on the system
#   Increase physical memory or swap space
#   Check if swap backing store is full
#   Use 64 bit Java on a 64 bit OS
#   Decrease Java heap size (-Xmx/-Xms)
#   Decrease number of Java threads
#   Decrease Java thread stack sizes (-Xss)
#   Set larger code cache with -XX:ReservedCodeCacheSize=
# This output file may be truncated or incomplete.
#
#  Out of Memory Error (os_linux.cpp:2745), pid=19085, tid=139667171014400
#
# JRE version: Java(TM) SE Runtime Environment (7.0_67-b01) (build 1.7.0_67-b01)
# Java VM: Java HotSpot(TM) 64-Bit Server VM (24.65-b04 mixed mode linux-amd64 compressed oops)
# Failed to write core dump. Core dumps have been disabled. To enable core dumping, try "ulimit -c unlimited" before starting Java again
#

---------------  T H R E A D  ---------------

Current thread (0x00007f06c8066800):  VMThread [stack: 0x00007f06cc0d7000,0x00007f06cc1d8000] [id=19094]

Stack: [0x00007f06cc0d7000,0x00007f06cc1d8000],  sp=0x00007f06cc1d5fc0,  free space=1019k
Native frames: (J=compiled Java code, j=interpreted, Vv=VM code, C=native code)
V  [libjvm.so+0x99eb8a]  VMError::report_and_die()+0x2ea
V  [libjvm.so+0x49721b]  report_vm_out_of_memory(char const*, int, unsigned long, char const*)+0x9b
V  [libjvm.so+0x81d9ae]  os::Linux::commit_memory_impl(char*, unsigned long, bool)+0xfe
V  [libjvm.so+0x81def9]  os::pd_commit_memory(char*, unsigned long, unsigned long, bool)+0x29
V  [libjvm.so+0x817caa]  os::commit_memory(char*, unsigned long, unsigned long, bool)+0x2a
V  [libjvm.so+0x88a7a3]  PSVirtualSpace::expand_by(unsigned long)+0x53
V  [libjvm.so+0x88bb78]  PSYoungGen::resize_generation(unsigned long, unsigned long)+0xf8
V  [libjvm.so+0x88ace2]  PSYoungGen::resize(unsigned long, unsigned long)+0x22
V  [libjvm.so+0x888133]  PSScavenge::invoke_no_policy()+0xfb3
V  [libjvm.so+0x8888e1]  PSScavenge::invoke()+0x41
V  [libjvm.so+0x83f510]  ParallelScavengeHeap::failed_mem_allocate(unsigned long)+0x70
V  [libjvm.so+0x9a0417]  VM_ParallelGCFailedAllocation::doit()+0x97
V  [libjvm.so+0x9a78b5]  VM_Operation::evaluate()+0x55
V  [libjvm.so+0x9a5c7a]  VMThread::evaluate_operation(VM_Operation*)+0xba
V  [libjvm.so+0x9a5ffe]  VMThread::loop()+0x1ce
V  [libjvm.so+0x9a6470]  VMThread::run()+0x70
V  [libjvm.so+0x81f988]  java_start(Thread*)+0x108

VM_Operation (0x00007f06c414c320): ParallelGCFailedAllocation, mode: safepoint, requested by thread 0x00007f06c83e2000


---------------  P R O C E S S  ---------------

Java Threads: ( => current thread )
  0x00007f069403b000 JavaThread "IPC Client (47) connection to /127.0.0.1:8020 from cc" daemon [_thread_blocked, id=19115, stack(0x00007f06c4052000,0x00007f06c4093000)]
  0x00007f0694020800 JavaThread "SpillThread" daemon [_thread_blocked, id=19114, stack(0x00007f06c4161000,0x00007f06c41a2000)]
  0x00007f0694018000 JavaThread "process reaper" daemon [_thread_blocked, id=19106, stack(0x00007f06c4093000,0x00007f06c40cc000)]
  0x00007f069400d000 JavaThread "communication thread" daemon [_thread_blocked, id=19104, stack(0x00007f06c40cc000,0x00007f06c410d000)]
  0x00007f06c83e2000 JavaThread "Thread-2" [_thread_blocked, id=19103, stack(0x00007f06c410d000,0x00007f06c414e000)]
  0x00007f06c8093000 JavaThread "Service Thread" daemon [_thread_blocked, id=19100, stack(0x00007f06c46db000,0x00007f06c471c000)]
  0x00007f06c8090800 JavaThread "C2 CompilerThread1" daemon [_thread_blocked, id=19099, stack(0x00007f06c471c000,0x00007f06c481d000)]
  0x00007f06c808d800 JavaThread "C2 CompilerThread0" daemon [_thread_blocked, id=19098, stack(0x00007f06c481d000,0x00007f06c491e000)]
  0x00007f06c808c000 JavaThread "Signal Dispatcher" daemon [_thread_blocked, id=19097, stack(0x00007f06cc014000,0x00007f06cc055000)]
  0x00007f06c806c800 JavaThread "Finalizer" daemon [_thread_blocked, id=19096, stack(0x00007f06cc055000,0x00007f06cc096000)]
  0x00007f06c806a800 JavaThread "Reference Handler" daemon [_thread_blocked, id=19095, stack(0x00007f06cc096000,0x00007f06cc0d7000)]
  0x00007f06c800b000 JavaThread "main" [_thread_blocked, id=19091, stack(0x00007f06d1b5b000,0x00007f06d1b9c000)]

Other Threads:
=>0x00007f06c8066800 VMThread [stack: 0x00007f06cc0d7000,0x00007f06cc1d8000] [id=19094]
  0x00007f06c809d800 WatcherThread [stack: 0x00007f06c45da000,0x00007f06c46db000] [id=19101]

VM state:at safepoint (normal execution)

VM Mutex/Monitor currently owned by a thread:  ([mutex/lock_event])
[0x00007f06c8007640] Threads_lock - owner thread: 0x00007f06c8066800
[0x00007f06c8007b40] Heap_lock - owner thread: 0x00007f06c83e2000

Heap
 PSYoungGen      total 27136K, used 1520K [0x00000000f0900000, 0x00000000f2500000, 0x0000000100000000)
  eden space 25600K, 0% used [0x00000000f0900000,0x00000000f0900000,0x00000000f2200000)
  from space 1536K, 98% used [0x00000000f2200000,0x00000000f237c030,0x00000000f2380000)
  to   space 1536K, 0% used [0x00000000f2380000,0x00000000f2380000,0x00000000f2500000)
 ParOldGen       total 129024K, used 105799K [0x00000000d1c00000, 0x00000000d9a00000, 0x00000000f0900000)
  object space 129024K, 82% used [0x00000000d1c00000,0x00000000d8351ee8,0x00000000d9a00000)
 PSPermGen       total 21504K, used 11229K [0x00000000cca00000, 0x00000000cdf00000, 0x00000000d1c00000)
  object space 21504K, 52% used [0x00000000cca00000,0x00000000cd4f7658,0x00000000cdf00000)

Card table byte_map: [0x00007f06cebe7000,0x00007f06ced83000] byte_map_base: 0x00007f06ce582000

Polling page: 0x00007f06d1bb3000

Code Cache  [0x00007f06c5000000, 0x00007f06c5270000, 0x00007f06c8000000)
 total_blobs=671 nmethods=321 adapters=304 free_code_cache=48040Kb largest_free_block=49146176

Compilation events (10 events):
Event: 29.696 Thread 0x00007f06c8090800 nmethod 312 0x00007f06c5118690 code [0x00007f06c5118940, 0x00007f06c5119a50]
Event: 29.696 Thread 0x00007f06c8090800  318             org.apache.hadoop.mapred.Task$TaskReporter::progress (5 bytes)
Event: 29.696 Thread 0x00007f06c8090800 nmethod 318 0x00007f06c5110b50 code [0x00007f06c5110c80, 0x00007f06c5110cf8]
Event: 29.696 Thread 0x00007f06c8090800  319             org.apache.hadoop.mapred.MapTask$MapOutputBuffer$BlockingBuffer::markRecord (23 bytes)
Event: 29.697 Thread 0x00007f06c8090800 nmethod 319 0x00007f06c510e990 code [0x00007f06c510eac0, 0x00007f06c510eb38]
Event: 29.697 Thread 0x00007f06c8090800  320             org.apache.hadoop.mapred.MapTask$MapOutputBuffer::access$102 (7 bytes)
Event: 29.697 Thread 0x00007f06c8090800 nmethod 320 0x00007f06c5111a50 code [0x00007f06c5111b80, 0x00007f06c5111bd8]
Event: 29.697 Thread 0x00007f06c8090800  321 %           org.apache.hadoop.mapreduce.Mapper::run @ 5 (34 bytes)
Event: 29.706 Thread 0x00007f06c8090800 nmethod 321% 0x00007f06c5116710 code [0x00007f06c51168a0, 0x00007f06c5116ab8]
Event: 29.722 Thread 0x00007f06c808d800 nmethod 317 0x00007f06c511e5d0 code [0x00007f06c511e8e0, 0x00007f06c5120178]

GC Heap History (9 events):
Event: 3.128 GC heap before
{Heap before GC invocations=1 (full 0):
 PSYoungGen      total 14336K, used 12800K [0x00000000f0900000, 0x00000000f1880000, 0x0000000100000000)
  eden space 12800K, 100% used [0x00000000f0900000,0x00000000f1580000,0x00000000f1580000)
  from space 1536K, 0% used [0x00000000f1700000,0x00000000f1700000,0x00000000f1880000)
  to   space 1536K, 0% used [0x00000000f1580000,0x00000000f1580000,0x00000000f1700000)
 ParOldGen       total 31232K, used 0K [0x00000000d1c00000, 0x00000000d3a80000, 0x00000000f0900000)
  object space 31232K, 0% used [0x00000000d1c00000,0x00000000d1c00000,0x00000000d3a80000)
 PSPermGen       total 21504K, used 7451K [0x00000000cca00000, 0x00000000cdf00000, 0x00000000d1c00000)
  object space 21504K, 34% used [0x00000000cca00000,0x00000000cd146e98,0x00000000cdf00000)
Event: 3.136 GC heap after
Heap after GC invocations=1 (full 0):
 PSYoungGen      total 14336K, used 1526K [0x00000000f0900000, 0x00000000f1880000, 0x0000000100000000)
  eden space 12800K, 0% used [0x00000000f0900000,0x00000000f0900000,0x00000000f1580000)
  from space 1536K, 99% used [0x00000000f1580000,0x00000000f16fdaf8,0x00000000f1700000)
  to   space 1536K, 0% used [0x00000000f1700000,0x00000000f1700000,0x00000000f1880000)
 ParOldGen       total 31232K, used 921K [0x00000000d1c00000, 0x00000000d3a80000, 0x00000000f0900000)
  object space 31232K, 2% used [0x00000000d1c00000,0x00000000d1ce6730,0x00000000d3a80000)
 PSPermGen       total 21504K, used 7451K [0x00000000cca00000, 0x00000000cdf00000, 0x00000000d1c00000)
  object space 21504K, 34% used [0x00000000cca00000,0x00000000cd146e98,0x00000000cdf00000)
}
Event: 4.359 GC heap before
{Heap before GC invocations=2 (full 0):
 PSYoungGen      total 14336K, used 14326K [0x00000000f0900000, 0x00000000f1880000, 0x0000000100000000)
  eden space 12800K, 100% used [0x00000000f0900000,0x00000000f1580000,0x00000000f1580000)
  from space 1536K, 99% used [0x00000000f1580000,0x00000000f16fdaf8,0x00000000f1700000)
  to   space 1536K, 0% used [0x00000000f1700000,0x00000000f1700000,0x00000000f1880000)
 ParOldGen       total 31232K, used 921K [0x00000000d1c00000, 0x00000000d3a80000, 0x00000000f0900000)
  object space 31232K, 2% used [0x00000000d1c00000,0x00000000d1ce6730,0x00000000d3a80000)
 PSPermGen       total 21504K, used 10095K [0x00000000cca00000, 0x00000000cdf00000, 0x00000000d1c00000)
  object space 21504K, 46% used [0x00000000cca00000,0x00000000cd3dbd20,0x00000000cdf00000)
Event: 4.374 GC heap after
Heap after GC invocations=2 (full 0):
 PSYoungGen      total 14336K, used 1504K [0x00000000f0900000, 0x00000000f1880000, 0x0000000100000000)
  eden space 12800K, 0% used [0x00000000f0900000,0x00000000f0900000,0x00000000f1580000)
  from space 1536K, 97% used [0x00000000f1700000,0x00000000f1878028,0x00000000f1880000)
  to   space 1536K, 0% used [0x00000000f1580000,0x00000000f1580000,0x00000000f1700000)
 ParOldGen       total 31232K, used 2499K [0x00000000d1c00000, 0x00000000d3a80000, 0x00000000f0900000)
  object space 31232K, 8% used [0x00000000d1c00000,0x00000000d1e70ff0,0x00000000d3a80000)
 PSPermGen       total 21504K, used 10095K [0x00000000cca00000, 0x00000000cdf00000, 0x00000000d1c00000)
  object space 21504K, 46% used [0x00000000cca00000,0x00000000cd3dbd20,0x00000000cdf00000)
}
Event: 7.948 GC heap before
{Heap before GC invocations=3 (full 0):
 PSYoungGen      total 14336K, used 12137K [0x00000000f0900000, 0x00000000f1880000, 0x0000000100000000)
  eden space 12800K, 83% used [0x00000000f0900000,0x00000000f13624d0,0x00000000f1580000)
  from space 1536K, 97% used [0x00000000f1700000,0x00000000f1878028,0x00000000f1880000)
  to   space 1536K, 0% used [0x00000000f1580000,0x00000000f1580000,0x00000000f1700000)
 ParOldGen       total 129024K, used 99780K [0x00000000d1c00000, 0x00000000d9a00000, 0x00000000f0900000)
  object space 129024K, 77% used [0x00000000d1c00000,0x00000000d7d71000,0x00000000d9a00000)
 PSPermGen       total 21504K, used 11080K [0x00000000cca00000, 0x00000000cdf00000, 0x00000000d1c00000)
  object space 21504K, 51% used [0x00000000cca00000,0x00000000cd4d2290,0x00000000cdf00000)
Event: 15.715 GC heap after
Heap after GC invocations=3 (full 0):
 PSYoungGen      total 14336K, used 1520K [0x00000000f0900000, 0x00000000f2500000, 0x0000000100000000)
  eden space 12800K, 0% used [0x00000000f0900000,0x00000000f0900000,0x00000000f1580000)
  from space 1536K, 98% used [0x00000000f1580000,0x00000000f16fc010,0x00000000f1700000)
  to   space 1536K, 0% used [0x00000000f2380000,0x00000000f2380000,0x00000000f2500000)
 ParOldGen       total 129024K, used 101866K [0x00000000d1c00000, 0x00000000d9a00000, 0x00000000f0900000)
  object space 129024K, 78% used [0x00000000d1c00000,0x00000000d7f7a928,0x00000000d9a00000)
 PSPermGen       total 21504K, used 11080K [0x00000000cca00000, 0x00000000cdf00000, 0x00000000d1c00000)
  object space 21504K, 51% used [0x00000000cca00000,0x00000000cd4d2290,0x00000000cdf00000)
}
Event: 28.143 GC heap before
{Heap before GC invocations=4 (full 0):
 PSYoungGen      total 14336K, used 14320K [0x00000000f0900000, 0x00000000f2500000, 0x0000000100000000)
  eden space 12800K, 100% used [0x00000000f0900000,0x00000000f1580000,0x00000000f1580000)
  from space 1536K, 98% used [0x00000000f1580000,0x00000000f16fc010,0x00000000f1700000)
  to   space 1536K, 0% used [0x00000000f2380000,0x00000000f2380000,0x00000000f2500000)
 ParOldGen       total 129024K, used 101866K [0x00000000d1c00000, 0x00000000d9a00000, 0x00000000f0900000)
  object space 129024K, 78% used [0x00000000d1c00000,0x00000000d7f7a928,0x00000000d9a00000)
 PSPermGen       total 21504K, used 11229K [0x00000000cca00000, 0x00000000cdf00000, 0x00000000d1c00000)
  object space 21504K, 52% used [0x00000000cca00000,0x00000000cd4f7578,0x00000000cdf00000)
Event: 28.854 GC heap after
Heap after GC invocations=4 (full 0):
 PSYoungGen      total 27136K, used 1520K [0x00000000f0900000, 0x00000000f2500000, 0x0000000100000000)
  eden space 25600K, 0% used [0x00000000f0900000,0x00000000f0900000,0x00000000f2200000)
  from space 1536K, 98% used [0x00000000f2380000,0x00000000f24fc030,0x00000000f2500000)
  to   space 1536K, 0% used [0x00000000f2200000,0x00000000f2200000,0x00000000f2380000)
 ParOldGen       total 129024K, used 105791K [0x00000000d1c00000, 0x00000000d9a00000, 0x00000000f0900000)
  object space 129024K, 81% used [0x00000000d1c00000,0x00000000d834fee8,0x00000000d9a00000)
 PSPermGen       total 21504K, used 11229K [0x00000000cca00000, 0x00000000cdf00000, 0x00000000d1c00000)
  object space 21504K, 52% used [0x00000000cca00000,0x00000000cd4f7578,0x00000000cdf00000)
}
Event: 31.958 GC heap before
{Heap before GC invocations=5 (full 0):
 PSYoungGen      total 27136K, used 27120K [0x00000000f0900000, 0x00000000f2500000, 0x0000000100000000)
  eden space 25600K, 100% used [0x00000000f0900000,0x00000000f2200000,0x00000000f2200000)
  from space 1536K, 98% used [0x00000000f2380000,0x00000000f24fc030,0x00000000f2500000)
  to   space 1536K, 0% used [0x00000000f2200000,0x00000000f2200000,0x00000000f2380000)
 ParOldGen       total 129024K, used 105791K [0x00000000d1c00000, 0x00000000d9a00000, 0x00000000f0900000)
  object space 129024K, 81% used [0x00000000d1c00000,0x00000000d834fee8,0x00000000d9a00000)
 PSPermGen       total 21504K, used 11229K [0x00000000cca00000, 0x00000000cdf00000, 0x00000000d1c00000)
  object space 21504K, 52% used [0x00000000cca00000,0x00000000cd4f7658,0x00000000cdf00000)

Deoptimization events (5 events):
Event: 2.035 Thread 0x00007f06c800b000 Uncommon trap: reason=null_check action=make_not_entrant pc=0x00007f06c5069c74 method=java.lang.String.equals(Ljava/lang/Object;)Z @ 8
Event: 3.452 Thread 0x00007f06c800b000 Uncommon trap: reason=class_check action=maybe_recompile pc=0x00007f06c50a8754 method=java.io.DataOutputStream.writeUTF(Ljava/lang/String;Ljava/io/DataOutput;)I @ 111
Event: 3.661 Thread 0x00007f06c800b000 Uncommon trap: reason=unreached action=reinterpret pc=0x00007f06c5094fdc method=sun.misc.URLClassPath$JarLoader.ensureOpen()V @ 4
Event: 24.320 Thread 0x00007f06c83e2000 Uncommon trap: reason=class_check action=maybe_recompile pc=0x00007f06c50a8754 method=java.io.DataOutputStream.writeUTF(Ljava/lang/String;Ljava/io/DataOutput;)I @ 111
Event: 29.489 Thread 0x00007f06c83e2000 Uncommon trap: reason=array_check action=maybe_recompile pc=0x00007f06c50e9668 method=java.util.AbstractCollection.toArray([Ljava/lang/Object;)[Ljava/lang/Object; @ 119

Internal exceptions (10 events):
Event: 20.835 Thread 0x00007f06c83e2000 Threw 0x00000000f0d24448 at /HUDSON/workspace/7u-2-build-linux-amd64/jdk7u67/1368/hotspot/src/share/vm/prims/jvm.cpp:1244
Event: 21.845 Thread 0x00007f06c83e2000 Threw 0x00000000f0d2d908 at /HUDSON/workspace/7u-2-build-linux-amd64/jdk7u67/1368/hotspot/src/share/vm/prims/jvm.cpp:1244
Event: 22.728 Thread 0x00007f06c83e2000 Threw 0x00000000f0d3a628 at /HUDSON/workspace/7u-2-build-linux-amd64/jdk7u67/1368/hotspot/src/share/vm/prims/jvm.cpp:1244
Event: 25.131 Thread 0x00007f06c83e2000 Threw 0x00000000f0d4f490 at /HUDSON/workspace/7u-2-build-linux-amd64/jdk7u67/1368/hotspot/src/share/vm/prims/jvm.cpp:1244
Event: 25.427 Thread 0x00007f06c83e2000 Threw 0x00000000f0d79690 at /HUDSON/workspace/7u-2-build-linux-amd64/jdk7u67/1368/hotspot/src/share/vm/prims/jvm.cpp:1244
Event: 25.476 Thread 0x00007f06c83e2000 Threw 0x00000000f0d80948 at /HUDSON/workspace/7u-2-build-linux-amd64/jdk7u67/1368/hotspot/src/share/vm/prims/jvm.cpp:1244
Event: 25.481 Thread 0x00007f06c83e2000 Threw 0x00000000f0d88db0 at /HUDSON/workspace/7u-2-build-linux-amd64/jdk7u67/1368/hotspot/src/share/vm/prims/jvm.cpp:1244
Event: 25.482 Thread 0x00007f06c83e2000 Threw 0x00000000f0d90420 at /HUDSON/workspace/7u-2-build-linux-amd64/jdk7u67/1368/hotspot/src/share/vm/prims/jvm.cpp:1244
Event: 25.483 Thread 0x00007f06c83e2000 Threw 0x00000000f0d9fe60 at /HUDSON/workspace/7u-2-build-linux-amd64/jdk7u67/1368/hotspot/src/share/vm/prims/jvm.cpp:1244
Event: 26.397 Thread 0x00007f06c83e2000 Threw 0x00000000f0dac7b0 at /HUDSON/workspace/7u-2-build-linux-amd64/jdk7u67/1368/hotspot/src/share/vm/prims/jvm.cpp:1244

Events (10 events):
Event: 28.972 Executing VM operation: RevokeBias
Event: 28.972 Executing VM operation: RevokeBias done
Event: 28.972 Executing VM operation: RevokeBias
Event: 28.972 Executing VM operation: RevokeBias done
Event: 28.972 Executing VM operation: BulkRevokeBias
Event: 28.972 Executing VM operation: BulkRevokeBias done
Event: 29.412 Thread 0x00007f06c83e2000 Uncommon trap: trap_request=0xffffffd6 fr.pc=0x00007f06c50e9668
Event: 29.489 Thread 0x00007f06c83e2000 DEOPT PACKING pc=0x00007f06c50e9668 sp=0x00007f06c414c2a0
Event: 29.489 Thread 0x00007f06c83e2000 DEOPT UNPACKING pc=0x00007f06c5039045 sp=0x00007f06c414c268 mode 2
Event: 30.557 Executing VM operation: ParallelGCFailedAllocation


Dynamic libraries:
00400000-00401000 r-xp 00000000 08:07 682791                             /opt/jdk1.7.0_67/bin/java
00600000-00601000 rw-p 00000000 08:07 682791                             /opt/jdk1.7.0_67/bin/java
00cc5000-00ce6000 rw-p 00000000 00:00 0                                  [heap]
cca00000-cdf00000 rw-p 00000000 00:00 0 
cdf00000-d1c00000 rw-p 00000000 00:00 0 
d1c00000-d9a00000 rw-p 00000000 00:00 0 
d9a00000-f0900000 rw-p 00000000 00:00 0 
f0900000-f2500000 rw-p 00000000 00:00 0 
f4700000-100000000 rw-p 00000000 00:00 0 
7f0688000000-7f0688021000 rw-p 00000000 00:00 0 
7f0688021000-7f068c000000 ---p 00000000 00:00 0 
7f068c000000-7f068c021000 rw-p 00000000 00:00 0 
7f068c021000-7f0690000000 ---p 00000000 00:00 0 
7f0690000000-7f0690021000 rw-p 00000000 00:00 0 
7f0690021000-7f0694000000 ---p 00000000 00:00 0 
7f0694000000-7f0694062000 rw-p 00000000 00:00 0 
7f0694062000-7f0698000000 ---p 00000000 00:00 0 
7f0698000000-7f0698021000 rw-p 00000000 00:00 0 
7f0698021000-7f069c000000 ---p 00000000 00:00 0 
7f069c000000-7f069c021000 rw-p 00000000 00:00 0 
7f069c021000-7f06a0000000 ---p 00000000 00:00 0 
7f06a0000000-7f06a06bd000 rw-p 00000000 00:00 0 
7f06a06bd000-7f06a4000000 ---p 00000000 00:00 0 
7f06a4000000-7f06a4a15000 rw-p 00000000 00:00 0 
7f06a4a15000-7f06a8000000 ---p 00000000 00:00 0 
7f06a8000000-7f06a8021000 rw-p 00000000 00:00 0 
7f06a8021000-7f06ac000000 ---p 00000000 00:00 0 
7f06ac000000-7f06ac021000 rw-p 00000000 00:00 0 
7f06ac021000-7f06b0000000 ---p 00000000 00:00 0 
7f06b0000000-7f06b00e1000 rw-p 00000000 00:00 0 
7f06b00e1000-7f06b4000000 ---p 00000000 00:00 0 
7f06b4000000-7f06b4021000 rw-p 00000000 00:00 0 
7f06b4021000-7f06b8000000 ---p 00000000 00:00 0 
7f06b8000000-7f06b8021000 rw-p 00000000 00:00 0 
7f06b8021000-7f06bc000000 ---p 00000000 00:00 0 
7f06bf874000-7f06bf9e0000 rw-p 00000000 00:00 0 
7f06bf9e0000-7f06bf9e1000 r-xp 00000000 08:07 802926                     /opt/jdk1.7.0_67/jre/lib/amd64/libjaas_unix.so
7f06bf9e1000-7f06bfbe0000 ---p 00001000 08:07 802926                     /opt/jdk1.7.0_67/jre/lib/amd64/libjaas_unix.so
7f06bfbe0000-7f06bfbe1000 rw-p 00000000 08:07 802926                     /opt/jdk1.7.0_67/jre/lib/amd64/libjaas_unix.so
7f06bfbe1000-7f06bfbe9000 r-xp 00000000 08:07 802940                     /opt/jdk1.7.0_67/jre/lib/amd64/libmanagement.so
7f06bfbe9000-7f06bfde8000 ---p 00008000 08:07 802940                     /opt/jdk1.7.0_67/jre/lib/amd64/libmanagement.so
7f06bfde8000-7f06bfde9000 rw-p 00007000 08:07 802940                     /opt/jdk1.7.0_67/jre/lib/amd64/libmanagement.so
7f06bfde9000-7f06bfdff000 r-xp 00000000 08:07 802887                     /opt/jdk1.7.0_67/jre/lib/amd64/libnet.so
7f06bfdff000-7f06bffff000 ---p 00016000 08:07 802887                     /opt/jdk1.7.0_67/jre/lib/amd64/libnet.so
7f06bffff000-7f06c0000000 rw-p 00016000 08:07 802887                     /opt/jdk1.7.0_67/jre/lib/amd64/libnet.so
7f06c0000000-7f06c0021000 rw-p 00000000 00:00 0 
7f06c0021000-7f06c4000000 ---p 00000000 00:00 0 
7f06c4051000-7f06c4052000 rw-p 00000000 00:00 0 
7f06c4052000-7f06c4055000 ---p 00000000 00:00 0 
7f06c4055000-7f06c4093000 rw-p 00000000 00:00 0                          [stack:19115]
7f06c4093000-7f06c4096000 ---p 00000000 00:00 0 
7f06c4096000-7f06c40cc000 rw-p 00000000 00:00 0                          [stack:19106]
7f06c40cc000-7f06c40cf000 ---p 00000000 00:00 0 
7f06c40cf000-7f06c410d000 rw-p 00000000 00:00 0                          [stack:19104]
7f06c410d000-7f06c4110000 ---p 00000000 00:00 0 
7f06c4110000-7f06c414e000 rw-p 00000000 00:00 0                          [stack:19103]
7f06c414e000-7f06c4159000 r--s 0037c000 08:07 802401                     /opt/jdk1.7.0_67/jre/lib/charsets.jar
7f06c4159000-7f06c415c000 r--s 00037000 08:07 802392                     /opt/jdk1.7.0_67/jre/lib/ext/sunpkcs11.jar
7f06c415c000-7f06c415d000 r--s 00003000 08:07 802395                     /opt/jdk1.7.0_67/jre/lib/ext/sunec.jar
7f06c415d000-7f06c4161000 r--s 0008a000 08:07 803054                     /opt/jdk1.7.0_67/jre/lib/jsse.jar
7f06c4161000-7f06c4164000 ---p 00000000 00:00 0 
7f06c4164000-7f06c41a2000 rw-p 00000000 00:00 0                          [stack:19114]
7f06c41a2000-7f06c41a4000 r--s 00019000 08:07 802403                     /opt/jdk1.7.0_67/jre/lib/jce.jar
7f06c41a4000-7f06c41ae000 r--s 00251000 08:07 802999                     /opt/jdk1.7.0_67/jre/lib/resources.jar
7f06c41ae000-7f06c41df000 rw-p 00000000 00:00 0 
7f06c41df000-7f06c41ef000 r-xp 00000000 08:07 802927                     /opt/jdk1.7.0_67/jre/lib/amd64/libnio.so
7f06c41ef000-7f06c43ef000 ---p 00010000 08:07 802927                     /opt/jdk1.7.0_67/jre/lib/amd64/libnio.so
7f06c43ef000-7f06c43f0000 rw-p 00010000 08:07 802927                     /opt/jdk1.7.0_67/jre/lib/amd64/libnio.so
7f06c43f0000-7f06c43f1000 r--s 00000000 08:07 939281                     /opt/hadoop-hbase/hadoop-1.1.0/hadoop-client-1.1.0.jar
7f06c43f1000-7f06c43f2000 r--s 00001000 08:07 938195                     /opt/hadoop-hbase/hadoop-1.1.0/hadoop-ant-1.1.0.jar
7f06c43f2000-7f06c43f3000 r--s 00000000 08:07 939494                     /opt/hadoop-hbase/hadoop-1.1.0/hadoop-minicluster-1.1.0.jar
7f06c43f3000-7f06c442a000 r--s 0039e000 08:07 939283                     /opt/hadoop-hbase/hadoop-1.1.0/hadoop-core-1.1.0.jar
7f06c442a000-7f06c4430000 r--s 00045000 08:07 939503                     /opt/hadoop-hbase/hadoop-1.1.0/hadoop-tools-1.1.0.jar
7f06c4430000-7f06c4436000 r--s 00043000 08:07 1089880                    /opt/hadoop-hbase/hadoop-1.1.0/lib/commons-configuration-1.6.jar
7f06c4436000-7f06c447a000 r--s 00431000 08:07 1089883                    /opt/hadoop-hbase/hadoop-1.1.0/lib/hbase-0.94.2.jar
7f06c447a000-7f06c447d000 r--s 00019000 08:07 1089886                    /opt/hadoop-hbase/hadoop-1.1.0/lib/commons-el-1.0.jar
7f06c447d000-7f06c4481000 r--s 00028000 08:07 1089856                    /opt/hadoop-hbase/hadoop-1.1.0/lib/jetty-util-6.1.26.jar
7f06c4481000-7f06c4482000 r--s 00003000 08:07 1089850                    /opt/hadoop-hbase/hadoop-1.1.0/lib/slf4j-api-1.4.3.jar
7f06c4482000-7f06c44e7000 r--s 0081d000 08:07 1089873                    /opt/hadoop-hbase/hadoop-1.1.0/lib/aspectjtools-1.6.11.jar
7f06c44e7000-7f06c44f0000 r--s 000a4000 08:07 1089868                    /opt/hadoop-hbase/hadoop-1.1.0/lib/hsqldb-1.8.0.10.jar
7f06c44f0000-7f06c44f3000 r--s 00025000 08:07 1089899                    /opt/hadoop-hbase/hadoop-1.1.0/lib/commons-io-2.1.jar
7f06c44f3000-7f06c44f5000 r--s 0000d000 08:07 1089870                    /opt/hadoop-hbase/hadoop-1.1.0/lib/hadoop-capacity-scheduler-1.1.0.jar
7f06c44f5000-7f06c44f7000 r--s 0000e000 08:07 1089875                    /opt/hadoop-hbase/hadoop-1.1.0/lib/oro-2.0.8.jar
7f06c44f7000-7f06c44fc000 r--s 00040000 08:07 1089885                    /opt/hadoop-hbase/hadoop-1.1.0/lib/commons-httpclient-3.0.1.jar
7f06c44fc000-7f06c4500000 r--s 00032000 08:07 1089872                    /opt/hadoop-hbase/hadoop-1.1.0/lib/jdeb-0.8.jar
7f06c4500000-7f06c4505000 r--s 0005e000 08:07 1089874                    /opt/hadoop-hbase/hadoop-1.1.0/lib/jasper-compiler-5.5.12.jar
7f06c4505000-7f06c4506000 r--s 00002000 08:07 1089863                    /opt/hadoop-hbase/hadoop-1.1.0/lib/kfs-0.2.2.jar
7f06c4506000-7f06c450a000 r--s 00020000 08:07 1089894                    /opt/hadoop-hbase/hadoop-1.1.0/lib/commons-digester-1.8.jar
7f06c450a000-7f06c450c000 r--s 0000f000 08:07 1089866                    /opt/hadoop-hbase/hadoop-1.1.0/lib/hadoop-fairscheduler-1.1.0.jar
7f06c450c000-7f06c451d000 r--s 00099000 08:07 1089859                    /opt/hadoop-hbase/hadoop-1.1.0/lib/jersey-server-1.8.jar
7f06c451d000-7f06c451f000 r--s 00009000 08:07 1089853                    /opt/hadoop-hbase/hadoop-1.1.0/lib/commons-cli-1.2.jar
7f06c451f000-7f06c4521000 r--s 00001000 08:07 1089862                    /opt/hadoop-hbase/hadoop-1.1.0/lib/slf4j-log4j12-1.4.3.jar
7f06c4521000-7f06c4525000 r--s 00019000 08:07 1089855                    /opt/hadoop-hbase/hadoop-1.1.0/lib/aspectjrt-1.6.11.jar
7f06c4525000-7f06c452f000 r--s 00066000 08:07 1089871                    /opt/hadoop-hbase/hadoop-1.1.0/lib/jersey-core-1.8.jar
7f06c452f000-7f06c4534000 r--s 0004a000 08:07 1089878                    /opt/hadoop-hbase/hadoop-1.1.0/lib/jets3t-0.6.1.jar
7f06c4534000-7f06c4541000 r--s 00097000 08:07 1089888                    /opt/hadoop-hbase/hadoop-1.1.0/lib/jackson-mapper-asl-1.8.8.jar
7f06c4541000-7f06c4545000 r--s 0003c000 08:07 1089882                    /opt/hadoop-hbase/hadoop-1.1.0/lib/commons-lang-2.4.jar
7f06c4545000-7f06c4549000 r--s 0002f000 08:07 1089851                    /opt/hadoop-hbase/hadoop-1.1.0/lib/commons-beanutils-core-1.8.0.jar
7f06c4549000-7f06c454d000 r--s 00021000 08:07 1089884                    /opt/hadoop-hbase/hadoop-1.1.0/lib/jersey-json-1.8.jar
7f06c454d000-7f06c4554000 r--s 0007d000 08:07 1089887                    /opt/hadoop-hbase/hadoop-1.1.0/lib/jetty-6.1.26.jar
7f06c4554000-7f06c4562000 r--s 0007f000 08:07 1089889                    /opt/hadoop-hbase/hadoop-1.1.0/lib/commons-collections-3.2.1.jar
7f06c4562000-7f06c4564000 r--s 0000d000 08:07 1089864                    /opt/hadoop-hbase/hadoop-1.1.0/lib/commons-codec-1.4.jar
7f06c4564000-7f06c4581000 r--s 0013e000 08:07 1089876                    /opt/hadoop-hbase/hadoop-1.1.0/lib/mockito-all-1.8.5.jar
7f06c4581000-7f06c4585000 r--s 00034000 08:07 1089854                    /opt/hadoop-hbase/hadoop-1.1.0/lib/jackson-core-asl-1.8.8.jar
7f06c4585000-7f06c4588000 r--s 0002b000 08:07 1089896                    /opt/hadoop-hbase/hadoop-1.1.0/lib/jsch-0.1.42.jar
7f06c4588000-7f06c45a6000 r--s 001bd000 08:07 1089861                    /opt/hadoop-hbase/hadoop-1.1.0/lib/ant.jar
7f06c45a6000-7f06c45b7000 r--s 000bb000 08:07 1089892                    /opt/hadoop-hbase/hadoop-1.1.0/lib/commons-math-2.1.jar
7f06c45b7000-7f06c45da000 r--s 00344000 08:07 1089881                    /opt/hadoop-hbase/hadoop-1.1.0/lib/core-3.1.1.jar
7f06c45da000-7f06c45db000 ---p 00000000 00:00 0 
7f06c45db000-7f06c46db000 rw-p 00000000 00:00 0                          [stack:19101]
7f06c46db000-7f06c46de000 ---p 00000000 00:00 0 
7f06c46de000-7f06c471c000 rw-p 00000000 00:00 0                          [stack:19100]
7f06c471c000-7f06c471f000 ---p 00000000 00:00 0 
7f06c471f000-7f06c481d000 rw-p 00000000 00:00 0                          [stack:19099]
7f06c481d000-7f06c4820000 ---p 00000000 00:00 0 
7f06c4820000-7f06c491e000 rw-p 00000000 00:00 0                          [stack:19098]
7f06c491e000-7f06c5000000 r--p 00000000 08:07 268127                     /usr/lib/locale/locale-archive
7f06c5000000-7f06c5270000 rwxp 00000000 00:00 0 
7f06c5270000-7f06c83f4000 rw-p 00000000 00:00 0 
7f06c83f4000-7f06cc000000 ---p 00000000 00:00 0 
7f06cc000000-7f06cc001000 r--s 00002000 08:07 1089867                    /opt/hadoop-hbase/hadoop-1.1.0/lib/hadoop-thriftfs-1.1.0.jar
7f06cc001000-7f06cc002000 r--s 00003000 08:07 1089895                    /opt/hadoop-hbase/hadoop-1.1.0/lib/xmlenc-0.52.jar
7f06cc002000-7f06cc007000 r--s 0002a000 08:07 1089891                    /opt/hadoop-hbase/hadoop-1.1.0/lib/commons-beanutils-1.7.0.jar
7f06cc007000-7f06cc00d000 r--s 0002b000 08:07 1089893                    /opt/hadoop-hbase/hadoop-1.1.0/lib/junit-4.5.jar
7f06cc00d000-7f06cc014000 r--s 00059000 08:07 1089852                    /opt/hadoop-hbase/hadoop-1.1.0/lib/log4j-1.2.15.jar
7f06cc014000-7f06cc017000 ---p 00000000 00:00 0 
7f06cc017000-7f06cc055000 rw-p 00000000 00:00 0                          [stack:19097]
7f06cc055000-7f06cc058000 ---p 00000000 00:00 0 
7f06cc058000-7f06cc096000 rw-p 00000000 00:00 0                          [stack:19096]
7f06cc096000-7f06cc099000 ---p 00000000 00:00 0 
7f06cc099000-7f06cc0d7000 rw-p 00000000 00:00 0                          [stack:19095]
7f06cc0d7000-7f06cc0d8000 ---p 00000000 00:00 0 
7f06cc0d8000-7f06ccb6e000 rw-p 00000000 00:00 0                          [stack:19094]
7f06ccb6e000-7f06ccd2d000 r--s 039e5000 08:07 803047                     /opt/jdk1.7.0_67/jre/lib/rt.jar
7f06ccd2d000-7f06ce8ee000 rw-p 00000000 00:00 0 
7f06ce8ee000-7f06ce8ef000 ---p 00000000 00:00 0 
7f06ce8ef000-7f06ce9ef000 rw-p 00000000 00:00 0                          [stack:19093]
7f06ce9ef000-7f06ce9f0000 ---p 00000000 00:00 0 
7f06ce9f0000-7f06ceb2f000 rw-p 00000000 00:00 0                          [stack:19092]
7f06ceb2f000-7f06cebe7000 rw-p 00000000 00:00 0 
7f06cebe7000-7f06cebf2000 rw-p 00000000 00:00 0 
7f06cebf2000-7f06cec10000 rw-p 00000000 00:00 0 
7f06cec10000-7f06cec4f000 rw-p 00000000 00:00 0 
7f06cec4f000-7f06ced06000 rw-p 00000000 00:00 0 
7f06ced06000-7f06ced15000 rw-p 00000000 00:00 0 
7f06ced15000-7f06ced82000 rw-p 00000000 00:00 0 
7f06ced82000-7f06ced83000 rw-p 00000000 00:00 0 
7f06ced83000-7f06ced9d000 r-xp 00000000 08:07 802941                     /opt/jdk1.7.0_67/jre/lib/amd64/libzip.so
7f06ced9d000-7f06cef9d000 ---p 0001a000 08:07 802941                     /opt/jdk1.7.0_67/jre/lib/amd64/libzip.so
7f06cef9d000-7f06cef9e000 rw-p 0001a000 08:07 802941                     /opt/jdk1.7.0_67/jre/lib/amd64/libzip.so
7f06cef9e000-7f06cefa9000 r-xp 00000000 08:07 135468                     /lib/x86_64-linux-gnu/libnss_files-2.19.so
7f06cefa9000-7f06cf1a8000 ---p 0000b000 08:07 135468                     /lib/x86_64-linux-gnu/libnss_files-2.19.so
7f06cf1a8000-7f06cf1a9000 r--p 0000a000 08:07 135468                     /lib/x86_64-linux-gnu/libnss_files-2.19.so
7f06cf1a9000-7f06cf1aa000 rw-p 0000b000 08:07 135468                     /lib/x86_64-linux-gnu/libnss_files-2.19.so
7f06cf1aa000-7f06cf1b5000 r-xp 00000000 08:07 135478                     /lib/x86_64-linux-gnu/libnss_nis-2.19.so
7f06cf1b5000-7f06cf3b4000 ---p 0000b000 08:07 135478                     /lib/x86_64-linux-gnu/libnss_nis-2.19.so
7f06cf3b4000-7f06cf3b5000 r--p 0000a000 08:07 135478                     /lib/x86_64-linux-gnu/libnss_nis-2.19.so
7f06cf3b5000-7f06cf3b6000 rw-p 0000b000 08:07 135478                     /lib/x86_64-linux-gnu/libnss_nis-2.19.so
7f06cf3b6000-7f06cf3cd000 r-xp 00000000 08:07 135462                     /lib/x86_64-linux-gnu/libnsl-2.19.so
7f06cf3cd000-7f06cf5cc000 ---p 00017000 08:07 135462                     /lib/x86_64-linux-gnu/libnsl-2.19.so
7f06cf5cc000-7f06cf5cd000 r--p 00016000 08:07 135462                     /lib/x86_64-linux-gnu/libnsl-2.19.so
7f06cf5cd000-7f06cf5ce000 rw-p 00017000 08:07 135462                     /lib/x86_64-linux-gnu/libnsl-2.19.so
7f06cf5ce000-7f06cf5d0000 rw-p 00000000 00:00 0 
7f06cf5d0000-7f06cf5d9000 r-xp 00000000 08:07 135464                     /lib/x86_64-linux-gnu/libnss_compat-2.19.so
7f06cf5d9000-7f06cf7d8000 ---p 00009000 08:07 135464                     /lib/x86_64-linux-gnu/libnss_compat-2.19.so
7f06cf7d8000-7f06cf7d9000 r--p 00008000 08:07 135464                     /lib/x86_64-linux-gnu/libnss_compat-2.19.so
7f06cf7d9000-7f06cf7da000 rw-p 00009000 08:07 135464                     /lib/x86_64-linux-gnu/libnss_compat-2.19.so
7f06cf7da000-7f06cf803000 r-xp 00000000 08:07 802924                     /opt/jdk1.7.0_67/jre/lib/amd64/libjava.so
7f06cf803000-7f06cfa03000 ---p 00029000 08:07 802924                     /opt/jdk1.7.0_67/jre/lib/amd64/libjava.so
7f06cfa03000-7f06cfa05000 rw-p 00029000 08:07 802924                     /opt/jdk1.7.0_67/jre/lib/amd64/libjava.so
7f06cfa05000-7f06cfa12000 r-xp 00000000 08:07 802886                     /opt/jdk1.7.0_67/jre/lib/amd64/libverify.so
7f06cfa12000-7f06cfc11000 ---p 0000d000 08:07 802886                     /opt/jdk1.7.0_67/jre/lib/amd64/libverify.so
7f06cfc11000-7f06cfc13000 rw-p 0000c000 08:07 802886                     /opt/jdk1.7.0_67/jre/lib/amd64/libverify.so
7f06cfc13000-7f06cfc1a000 r-xp 00000000 08:07 135521                     /lib/x86_64-linux-gnu/librt-2.19.so
7f06cfc1a000-7f06cfe19000 ---p 00007000 08:07 135521                     /lib/x86_64-linux-gnu/librt-2.19.so
7f06cfe19000-7f06cfe1a000 r--p 00006000 08:07 135521                     /lib/x86_64-linux-gnu/librt-2.19.so
7f06cfe1a000-7f06cfe1b000 rw-p 00007000 08:07 135521                     /lib/x86_64-linux-gnu/librt-2.19.so
7f06cfe1b000-7f06cff20000 r-xp 00000000 08:07 135443                     /lib/x86_64-linux-gnu/libm-2.19.so
7f06cff20000-7f06d011f000 ---p 00105000 08:07 135443                     /lib/x86_64-linux-gnu/libm-2.19.so
7f06d011f000-7f06d0120000 r--p 00104000 08:07 135443                     /lib/x86_64-linux-gnu/libm-2.19.so
7f06d0120000-7f06d0121000 rw-p 00105000 08:07 135443                     /lib/x86_64-linux-gnu/libm-2.19.so
7f06d0121000-7f06d0c91000 r-xp 00000000 08:07 802900                     /opt/jdk1.7.0_67/jre/lib/amd64/server/libjvm.so
7f06d0c91000-7f06d0e90000 ---p 00b70000 08:07 802900                     /opt/jdk1.7.0_67/jre/lib/amd64/server/libjvm.so
7f06d0e90000-7f06d0f55000 rw-p 00b6f000 08:07 802900                     /opt/jdk1.7.0_67/jre/lib/amd64/server/libjvm.so
7f06d0f55000-7f06d0f95000 rw-p 00000000 00:00 0 
7f06d0f95000-7f06d1151000 r-xp 00000000 08:07 135393                     /lib/x86_64-linux-gnu/libc-2.19.so
7f06d1151000-7f06d1350000 ---p 001bc000 08:07 135393                     /lib/x86_64-linux-gnu/libc-2.19.so
7f06d1350000-7f06d1354000 r--p 001bb000 08:07 135393                     /lib/x86_64-linux-gnu/libc-2.19.so
7f06d1354000-7f06d1356000 rw-p 001bf000 08:07 135393                     /lib/x86_64-linux-gnu/libc-2.19.so
7f06d1356000-7f06d135b000 rw-p 00000000 00:00 0 
7f06d135b000-7f06d135e000 r-xp 00000000 08:07 135410                     /lib/x86_64-linux-gnu/libdl-2.19.so
7f06d135e000-7f06d155d000 ---p 00003000 08:07 135410                     /lib/x86_64-linux-gnu/libdl-2.19.so
7f06d155d000-7f06d155e000 r--p 00002000 08:07 135410                     /lib/x86_64-linux-gnu/libdl-2.19.so
7f06d155e000-7f06d155f000 rw-p 00003000 08:07 135410                     /lib/x86_64-linux-gnu/libdl-2.19.so
7f06d155f000-7f06d1575000 r-xp 00000000 08:07 801273                     /opt/jdk1.7.0_67/lib/amd64/jli/libjli.so
7f06d1575000-7f06d1775000 ---p 00016000 08:07 801273                     /opt/jdk1.7.0_67/lib/amd64/jli/libjli.so
7f06d1775000-7f06d1776000 rw-p 00016000 08:07 801273                     /opt/jdk1.7.0_67/lib/amd64/jli/libjli.so
7f06d1776000-7f06d178f000 r-xp 00000000 08:07 135513                     /lib/x86_64-linux-gnu/libpthread-2.19.so
7f06d178f000-7f06d198e000 ---p 00019000 08:07 135513                     /lib/x86_64-linux-gnu/libpthread-2.19.so
7f06d198e000-7f06d198f000 r--p 00018000 08:07 135513                     /lib/x86_64-linux-gnu/libpthread-2.19.so
7f06d198f000-7f06d1990000 rw-p 00019000 08:07 135513                     /lib/x86_64-linux-gnu/libpthread-2.19.so
7f06d1990000-7f06d1994000 rw-p 00000000 00:00 0 
7f06d1994000-7f06d19b7000 r-xp 00000000 08:07 135369                     /lib/x86_64-linux-gnu/ld-2.19.so
7f06d19b7000-7f06d19b9000 r--s 00011000 08:07 1089857                    /opt/hadoop-hbase/hadoop-1.1.0/lib/jasper-runtime-5.5.12.jar
7f06d19b9000-7f06d19bb000 r--s 00002000 08:07 1089898                    /opt/hadoop-hbase/hadoop-1.1.0/lib/commons-daemon-1.0.1.jar
7f06d19bb000-7f06d19bd000 r--s 0001f000 08:07 1089890                    /opt/hadoop-hbase/hadoop-1.1.0/lib/servlet-api-2.5-20081211.jar
7f06d19bd000-7f06d1a7d000 rw-p 00000000 00:00 0 
7f06d1a7d000-7f06d1a9b000 rw-p 00000000 00:00 0 
7f06d1a9b000-7f06d1aa5000 rw-p 00000000 00:00 0 
7f06d1aa5000-7f06d1b5b000 rw-p 00000000 00:00 0 
7f06d1b5b000-7f06d1b5e000 ---p 00000000 00:00 0 
7f06d1b5e000-7f06d1ba0000 rw-p 00000000 00:00 0                          [stack:19091]
7f06d1ba0000-7f06d1ba1000 r--s 0000a000 08:07 1089869                    /opt/hadoop-hbase/hadoop-1.1.0/lib/asm-3.2.jar
7f06d1ba1000-7f06d1ba3000 r--s 0000d000 08:07 1089897                    /opt/hadoop-hbase/hadoop-1.1.0/lib/commons-logging-1.1.1.jar
7f06d1ba3000-7f06d1ba5000 r--s 00005000 08:07 1089860                    /opt/hadoop-hbase/hadoop-1.1.0/lib/commons-logging-api-1.0.4.jar
7f06d1ba5000-7f06d1baa000 r--s 0003e000 08:07 1089858                    /opt/hadoop-hbase/hadoop-1.1.0/lib/commons-net-3.1.jar
7f06d1baa000-7f06d1bb2000 rw-s 00000000 08:07 1322196                    /tmp/hsperfdata_cc/19085
7f06d1bb2000-7f06d1bb3000 rw-p 00000000 00:00 0 
7f06d1bb3000-7f06d1bb4000 ---p 00000000 00:00 0 
7f06d1bb4000-7f06d1bb6000 rw-p 00000000 00:00 0 
7f06d1bb6000-7f06d1bb7000 r--p 00022000 08:07 135369                     /lib/x86_64-linux-gnu/ld-2.19.so
7f06d1bb7000-7f06d1bb8000 rw-p 00023000 08:07 135369                     /lib/x86_64-linux-gnu/ld-2.19.so
7f06d1bb8000-7f06d1bb9000 rw-p 00000000 00:00 0 
7ffff4c2e000-7ffff4c50000 rw-p 00000000 00:00 0                          [stack]
7ffff4d47000-7ffff4d49000 r-xp 00000000 00:00 0                          [vdso]
ffffffffff600000-ffffffffff601000 r-xp 00000000 00:00 0                  [vsyscall]

VM Arguments:
jvm_args: -Xss256k -Dfile.encoding=UTF-8 
java_command: com.example.chaow.Recommend Recommend <in> <out>
Launcher Type: SUN_STANDARD

Environment Variables:
PATH=/usr/local/sbin:/usr/local/bin:/usr/sbin:/usr/bin:/sbin:/bin:/usr/games:/usr/local/games
SHELL=/bin/bash
DISPLAY=:0

Signal Handlers:
SIGSEGV: [libjvm.so+0x99f4a0], sa_mask[0]=0x7ffbfeff, sa_flags=0x10000004
SIGBUS: [libjvm.so+0x99f4a0], sa_mask[0]=0x7ffbfeff, sa_flags=0x10000004
SIGFPE: [libjvm.so+0x81a860], sa_mask[0]=0x7ffbfeff, sa_flags=0x10000004
SIGPIPE: [libjvm.so+0x81a860], sa_mask[0]=0x7ffbfeff, sa_flags=0x10000004
SIGXFSZ: [libjvm.so+0x81a860], sa_mask[0]=0x7ffbfeff, sa_flags=0x10000004
SIGILL: [libjvm.so+0x81a860], sa_mask[0]=0x7ffbfeff, sa_flags=0x10000004
SIGUSR1: SIG_DFL, sa_mask[0]=0x00000000, sa_flags=0x00000000
SIGUSR2: [libjvm.so+0x81c060], sa_mask[0]=0x00000004, sa_flags=0x10000004
SIGHUP: [libjvm.so+0x81d160], sa_mask[0]=0x7ffbfeff, sa_flags=0x10000004
SIGINT: [libjvm.so+0x81d160], sa_mask[0]=0x7ffbfeff, sa_flags=0x10000004
SIGTERM: [libjvm.so+0x81d160], sa_mask[0]=0x7ffbfeff, sa_flags=0x10000004
SIGQUIT: [libjvm.so+0x81d160], sa_mask[0]=0x7ffbfeff, sa_flags=0x10000004


---------------  S Y S T E M  ---------------

OS:jessie/sid

uname:Linux 3.13.0-32-generic #57-Ubuntu SMP Tue Jul 15 03:51:08 UTC 2014 x86_64
libc:glibc 2.19 NPTL 2.19 
rlimit: STACK 8192k, CORE 0k, NPROC 23464, NOFILE 4096, AS infinity
load average:7.44 2.46 1.22

/proc/meminfo:
MemTotal:        3025036 kB
MemFree:           72892 kB
Buffers:              84 kB
Cached:           377252 kB
SwapCached:            0 kB
Active:          2442308 kB
Inactive:         364492 kB
Active(anon):    2440336 kB
Inactive(anon):   361596 kB
Active(file):       1972 kB
Inactive(file):     2896 kB
Unevictable:          32 kB
Mlocked:              32 kB
SwapTotal:             0 kB
SwapFree:              0 kB
Dirty:               100 kB
Writeback:             4 kB
AnonPages:       2429784 kB
Mapped:            73796 kB
Shmem:            372180 kB
Slab:              60264 kB
SReclaimable:      26892 kB
SUnreclaim:        33372 kB
KernelStack:        5040 kB
PageTables:        36324 kB
NFS_Unstable:          0 kB
Bounce:                0 kB
WritebackTmp:          0 kB
CommitLimit:     1512516 kB
Committed_AS:    6087360 kB
VmallocTotal:   34359738367 kB
VmallocUsed:      350416 kB
VmallocChunk:   34359374748 kB
HardwareCorrupted:     0 kB
AnonHugePages:    804864 kB
HugePages_Total:       0
HugePages_Free:        0
HugePages_Rsvd:        0
HugePages_Surp:        0
Hugepagesize:       2048 kB
DirectMap4k:       43432 kB
DirectMap2M:     3045376 kB


CPU:total 2 (2 cores per cpu, 1 threads per core) family 6 model 23 stepping 10, cmov, cx8, fxsr, mmx, sse, sse2, sse3, ssse3, sse4.1, tsc

/proc/cpuinfo:
processor	: 0
vendor_id	: GenuineIntel
cpu family	: 6
model		: 23
model name	: Intel(R) Core(TM)2 Duo CPU     P8600  @ 2.40GHz
stepping	: 10
microcode	: 0xa07
cpu MHz		: 2401.000
cache size	: 3072 KB
physical id	: 0
siblings	: 2
core id		: 0
cpu cores	: 2
apicid		: 0
initial apicid	: 0
fpu		: yes
fpu_exception	: yes
cpuid level	: 13
wp		: yes
flags		: fpu vme de pse tsc msr pae mce cx8 apic sep mtrr pge mca cmov pat pse36 clflush dts acpi mmx fxsr sse sse2 ss ht tm pbe syscall nx lm constant_tsc arch_perfmon pebs bts nopl aperfmperf pni dtes64 monitor ds_cpl vmx smx est tm2 ssse3 cx16 xtpr pdcm sse4_1 xsave lahf_lm ida dtherm tpr_shadow vnmi flexpriority
bogomips	: 4788.12
clflush size	: 64
cache_alignment	: 64
address sizes	: 36 bits physical, 48 bits virtual
power management:

processor	: 1
vendor_id	: GenuineIntel
cpu family	: 6
model		: 23
model name	: Intel(R) Core(TM)2 Duo CPU     P8600  @ 2.40GHz
stepping	: 10
microcode	: 0xa07
cpu MHz		: 2401.000
cache size	: 3072 KB
physical id	: 0
siblings	: 2
core id		: 1
cpu cores	: 2
apicid		: 1
initial apicid	: 1
fpu		: yes
fpu_exception	: yes
cpuid level	: 13
wp		: yes
flags		: fpu vme de pse tsc msr pae mce cx8 apic sep mtrr pge mca cmov pat pse36 clflush dts acpi mmx fxsr sse sse2 ss ht tm pbe syscall nx lm constant_tsc arch_perfmon pebs bts nopl aperfmperf pni dtes64 monitor ds_cpl vmx smx est tm2 ssse3 cx16 xtpr pdcm sse4_1 xsave lahf_lm ida dtherm tpr_shadow vnmi flexpriority
bogomips	: 4788.12
clflush size	: 64
cache_alignment	: 64
address sizes	: 36 bits physical, 48 bits virtual
power management:



Memory: 4k page, physical 3025036k(72892k free), swap 0k(0k free)

vm_info: Java HotSpot(TM) 64-Bit Server VM (24.65-b04) for linux-amd64 JRE (1.7.0_67-b01), built on Jul 25 2014 09:20:21 by "java_re" with gcc 4.3.0 20080428 (Red Hat 4.3.0-8)

time: Thu Dec  4 19:04:22 2014
elapsed time: 53 seconds

